<?xml version="1.0" encoding="UTF-8"?>
<testsuite xmlns:xsi="http://www.w3.org/2001/XMLSchema-instance" xsi:noNamespaceSchemaLocation="https://maven.apache.org/surefire/maven-surefire-plugin/xsd/surefire-test-report.xsd" name="com.traffic.service.ChallanServiceTest" time="0.206" tests="20" errors="0" skipped="0" failures="7">
  <properties>
[...]
</properties>
  <testcase name="testVehicleRegistration" classname="com.traffic.service.ChallanServiceTest" time="0.035"/>
  <testcase name="testSpeedAtPermittedLimit" classname="com.traffic.service.ChallanServiceTest" time="0.008"/>
  <testcase name="testSignalViolation" classname="com.traffic.service.ChallanServiceTest" time="0.019">
    <failure message="expected:&lt;1000.0&gt; but was:&lt;1500.0&gt;" type="junit.framework.AssertionFailedError"><![CDATA[junit.framework.AssertionFailedError: expected:<1000.0> but was:<1500.0>
	at junit.framework.Assert.fail(Assert.java:47)
	at junit.framework.Assert.failNotEquals(Assert.java:282)
	at junit.framework.Assert.assertEquals(Assert.java:64)
	at junit.framework.Assert.assertEquals(Assert.java:71)
	at com.traffic.service.ChallanServiceTest.testSignalViolation(ChallanServiceTest.java:169)
]]></failure>
  </testcase>
  <testcase name="testIllegalParking" classname="com.traffic.service.ChallanServiceTest" time="0.003">
    <failure message="expected:&lt;500.0&gt; but was:&lt;750.0&gt;" type="junit.framework.AssertionFailedError"><![CDATA[junit.framework.AssertionFailedError: expected:<500.0> but was:<750.0>
	at junit.framework.Assert.fail(Assert.java:47)
	at junit.framework.Assert.failNotEquals(Assert.java:282)
	at junit.framework.Assert.assertEquals(Assert.java:64)
	at junit.framework.Assert.assertEquals(Assert.java:71)
	at com.traffic.service.ChallanServiceTest.testIllegalParking(ChallanServiceTest.java:191)
]]></failure>
  </testcase>
  <testcase name="testRepeatedViolationFine" classname="com.traffic.service.ChallanServiceTest" time="0"/>
  <testcase name="testChallanPayment" classname="com.traffic.service.ChallanServiceTest" time="0"/>
  <testcase name="testNormalSpeedingFine" classname="com.traffic.service.ChallanServiceTest" time="0.001">
    <failure message="expected:&lt;500.0&gt; but was:&lt;750.0&gt;" type="junit.framework.AssertionFailedError"><![CDATA[junit.framework.AssertionFailedError: expected:<500.0> but was:<750.0>
	at junit.framework.Assert.fail(Assert.java:47)
	at junit.framework.Assert.failNotEquals(Assert.java:282)
	at junit.framework.Assert.assertEquals(Assert.java:64)
	at junit.framework.Assert.assertEquals(Assert.java:71)
	at com.traffic.service.ChallanServiceTest.testNormalSpeedingFine(ChallanServiceTest.java:81)
]]></failure>
  </testcase>
  <testcase name="testMediumSpeedingFine" classname="com.traffic.service.ChallanServiceTest" time="0.005">
    <failure message="expected:&lt;1000.0&gt; but was:&lt;1500.0&gt;" type="junit.framework.AssertionFailedError"><![CDATA[junit.framework.AssertionFailedError: expected:<1000.0> but was:<1500.0>
	at junit.framework.Assert.fail(Assert.java:47)
	at junit.framework.Assert.failNotEquals(Assert.java:282)
	at junit.framework.Assert.assertEquals(Assert.java:64)
	at junit.framework.Assert.assertEquals(Assert.java:71)
	at com.traffic.service.ChallanServiceTest.testMediumSpeedingFine(ChallanServiceTest.java:103)
]]></failure>
  </testcase>
  <testcase name="testHighSpeedingFine" classname="com.traffic.service.ChallanServiceTest" time="0">
    <failure message="expected:&lt;2000.0&gt; but was:&lt;3000.0&gt;" type="junit.framework.AssertionFailedError"><![CDATA[junit.framework.AssertionFailedError: expected:<2000.0> but was:<3000.0>
	at junit.framework.Assert.fail(Assert.java:47)
	at junit.framework.Assert.failNotEquals(Assert.java:282)
	at junit.framework.Assert.assertEquals(Assert.java:64)
	at junit.framework.Assert.assertEquals(Assert.java:71)
	at com.traffic.service.ChallanServiceTest.testHighSpeedingFine(ChallanServiceTest.java:125)
]]></failure>
  </testcase>
  <testcase name="testOutstandingFine" classname="com.traffic.service.ChallanServiceTest" time="0.008">
    <failure message="expected:&lt;1500.0&gt; but was:&lt;2250.0&gt;" type="junit.framework.AssertionFailedError"><![CDATA[junit.framework.AssertionFailedError: expected:<1500.0> but was:<2250.0>
	at junit.framework.Assert.fail(Assert.java:47)
	at junit.framework.Assert.failNotEquals(Assert.java:282)
	at junit.framework.Assert.assertEquals(Assert.java:64)
	at junit.framework.Assert.assertEquals(Assert.java:71)
	at com.traffic.service.ChallanServiceTest.testOutstandingFine(ChallanServiceTest.java:279)
]]></failure>
  </testcase>
  <testcase name="testLowRiskClassification" classname="com.traffic.service.ChallanServiceTest" time="0"/>
  <testcase name="testInvalidVehicle" classname="com.traffic.service.ChallanServiceTest" time="0.001"/>
  <testcase name="testNegativeSpeed" classname="com.traffic.service.ChallanServiceTest" time="0"/>
  <testcase name="testInvalidPermittedSpeed" classname="com.traffic.service.ChallanServiceTest" time="0"/>
  <testcase name="testMultipleUnpaidChallans" classname="com.traffic.service.ChallanServiceTest" time="0.001">
    <failure message="expected:&lt;1500.0&gt; but was:&lt;2250.0&gt;" type="junit.framework.AssertionFailedError"><![CDATA[junit.framework.AssertionFailedError: expected:<1500.0> but was:<2250.0>
	at junit.framework.Assert.fail(Assert.java:47)
	at junit.framework.Assert.failNotEquals(Assert.java:282)
	at junit.framework.Assert.assertEquals(Assert.java:64)
	at junit.framework.Assert.assertEquals(Assert.java:71)
	at com.traffic.service.ChallanServiceTest.testMultipleUnpaidChallans(ChallanServiceTest.java:548)
]]></failure>
  </testcase>
  <testcase name="testDuplicateChallan" classname="com.traffic.service.ChallanServiceTest" time="0"/>
  <testcase name="testMultipleVehicles" classname="com.traffic.service.ChallanServiceTest" time="0"/>
  <testcase name="testNullViolation" classname="com.traffic.service.ChallanServiceTest" time="0"/>
  <testcase name="testEmptyLocation" classname="com.traffic.service.ChallanServiceTest" time="0"/>
  <testcase name="testCleanVehicleClassification" classname="com.traffic.service.ChallanServiceTest" time="0"/>
</testsuite>